[0.006s] Invoking command in '/home/sputnik/Voloneiz/UartToSbus/ROS_humble/src/chassis_controller/build/chassis_controller': CMAKE_PREFIX_PATH=${CMAKE_PREFIX_PATH}:/opt/ros/humble /usr/bin/cmake /home/sputnik/Voloneiz/UartToSbus/ROS_humble/src/chassis_controller -DCMAKE_INSTALL_PREFIX=/home/sputnik/Voloneiz/UartToSbus/ROS_humble/src/chassis_controller/install/chassis_controller
[0.014s] -- Found ament_cmake: 1.3.11 (/opt/ros/humble/share/ament_cmake/cmake)
[0.088s] -- Found rclcpp: 16.0.11 (/opt/ros/humble/share/rclcpp/cmake)
[0.104s] -- Found rosidl_generator_c: 3.1.6 (/opt/ros/humble/share/rosidl_generator_c/cmake)
[0.106s] -- Found rosidl_adapter: 3.1.6 (/opt/ros/humble/share/rosidl_adapter/cmake)
[0.109s] -- Found rosidl_generator_cpp: 3.1.6 (/opt/ros/humble/share/rosidl_generator_cpp/cmake)
[0.114s] -- Using all available rosidl_typesupport_c: rosidl_typesupport_fastrtps_c;rosidl_typesupport_introspection_c
[0.121s] -- Using all available rosidl_typesupport_cpp: rosidl_typesupport_fastrtps_cpp;rosidl_typesupport_introspection_cpp
[0.138s] -- Found rmw_implementation_cmake: 6.1.2 (/opt/ros/humble/share/rmw_implementation_cmake/cmake)
[0.139s] -- Found rmw_fastrtps_cpp: 6.2.7 (/opt/ros/humble/share/rmw_fastrtps_cpp/cmake)
[0.211s] -- Using RMW implementation 'rmw_fastrtps_cpp' as default
[0.274s] -- Configuring done
[0.279s] -- Generating done
[0.280s] -- Build files have been written to: /home/sputnik/Voloneiz/UartToSbus/ROS_humble/src/chassis_controller/build/chassis_controller
[0.286s] Invoked command in '/home/sputnik/Voloneiz/UartToSbus/ROS_humble/src/chassis_controller/build/chassis_controller' returned '0': CMAKE_PREFIX_PATH=${CMAKE_PREFIX_PATH}:/opt/ros/humble /usr/bin/cmake /home/sputnik/Voloneiz/UartToSbus/ROS_humble/src/chassis_controller -DCMAKE_INSTALL_PREFIX=/home/sputnik/Voloneiz/UartToSbus/ROS_humble/src/chassis_controller/install/chassis_controller
[0.286s] Invoking command in '/home/sputnik/Voloneiz/UartToSbus/ROS_humble/src/chassis_controller/build/chassis_controller': CMAKE_PREFIX_PATH=${CMAKE_PREFIX_PATH}:/opt/ros/humble /usr/bin/cmake --build /home/sputnik/Voloneiz/UartToSbus/ROS_humble/src/chassis_controller/build/chassis_controller -- -j20 -l20
[0.325s] [ 50%] [32mBuilding CXX object CMakeFiles/chassis_controll.dir/src/chassis_controller.cpp.o[0m
[0.564s] In file included from [01m[K/home/sputnik/Voloneiz/UartToSbus/ROS_humble/src/chassis_controller/src/chassis_controller.cpp:6[m[K:
[0.564s] [01m[K/home/sputnik/Voloneiz/UartToSbus/ROS_humble/src/chassis_controller/include/chassis_controller/chassis_controller.hpp:4:10:[m[K [01;31m[Kfatal error: [m[Kserial/serial.h: No such file or directory
[0.564s]     4 | #include [01;31m[K<serial/serial.h>[m[K
[0.564s]       |          [01;31m[K^~~~~~~~~~~~~~~~~[m[K
[0.564s] compilation terminated.
[0.567s] gmake[2]: *** [CMakeFiles/chassis_controll.dir/build.make:76: CMakeFiles/chassis_controll.dir/src/chassis_controller.cpp.o] Error 1
[0.567s] gmake[1]: *** [CMakeFiles/Makefile2:137: CMakeFiles/chassis_controll.dir/all] Error 2
[0.568s] gmake: *** [Makefile:146: all] Error 2
[0.570s] Invoked command in '/home/sputnik/Voloneiz/UartToSbus/ROS_humble/src/chassis_controller/build/chassis_controller' returned '2': CMAKE_PREFIX_PATH=${CMAKE_PREFIX_PATH}:/opt/ros/humble /usr/bin/cmake --build /home/sputnik/Voloneiz/UartToSbus/ROS_humble/src/chassis_controller/build/chassis_controller -- -j20 -l20
