In file included from [01m[K/usr/include/c++/11/pstl/glue_algorithm_defs.h:13[m[K,
                 from [01m[K/usr/include/c++/11/algorithm:74[m[K,
                 from [01m[K/opt/ros/humble/include/rclcpp/rclcpp/executor.hpp:18[m[K,
                 from [01m[K/opt/ros/humble/include/rclcpp/rclcpp/executors/multi_threaded_executor.hpp:25[m[K,
                 from [01m[K/opt/ros/humble/include/rclcpp/rclcpp/executors.hpp:21[m[K,
                 from [01m[K/opt/ros/humble/include/rclcpp/rclcpp/rclcpp.hpp:155[m[K,
                 from [01m[K/home/sputnik/Voloneiz/UartToSbus/ROS_humble/src/chassis_controller/src/chassis_controller.cpp:4[m[K:
/usr/include/c++/11/functional: In instantiation of â€˜[01m[Kstruct std::_Bind_check_arity<void (ChassisController::*)(), ChassisController*, const std::_Placeholder<1>&>[m[Kâ€™:
[01m[K/usr/include/c++/11/functional:768:12:[m[K   required from â€˜[01m[Kstruct std::_Bind_helper<false, void (ChassisController::*)(), ChassisController*, const std::_Placeholder<1>&>[m[Kâ€™
[01m[K/usr/include/c++/11/functional:789:5:[m[K   required by substitution of â€˜[01m[Ktemplate<class _Func, class ... _BoundArgs> typename std::_Bind_helper<std::__is_socketlike<_Func>::value, _Func, _BoundArgs ...>::type std::bind(_Func&&, _BoundArgs&& ...) [with _Func = void (ChassisController::*)(); _BoundArgs = {ChassisController*, const std::_Placeholder<1>&}][m[Kâ€™
[01m[K/home/sputnik/Voloneiz/UartToSbus/ROS_humble/src/chassis_controller/src/chassis_controller.cpp:29:49:[m[K   required from here
[01m[K/usr/include/c++/11/functional:756:21:[m[K [01;31m[Kerror: [m[Kstatic assertion failed: Wrong number of arguments for pointer-to-member
  755 |       static_assert(_Varargs::[01;31m[Kvalue[m[K
      |                               [01;31m[K~~~~~[m[K
  756 | [01;31m[K                    ? sizeof...(_BoundArgs) >= _Arity::value + 1[m[K
      |                     [01;31m[K^~~~~~~~~~~~~~~~~~~~~~~~~~~~~~~~~~~~~~~~~~~~[m[K
  757 | [01;31m[K                    : sizeof...(_BoundArgs) == _Arity::value + 1[m[K,
      |                     [01;31m[K~~~~~~~~~~~~~~~~~~~~~~~~~~~~~~~~~~~~~~~~~~~~[m[K
[01m[K/usr/include/c++/11/functional:756:21:[m[K [01;36m[Knote: [m[Kâ€˜[01m[K(false ? (2 >= (((long unsigned int)std::integral_constant<long unsigned int, 0>::value) + 1)) : (2 == (((long unsigned int)std::integral_constant<long unsigned int, 0>::value) + 1)))[m[Kâ€™ evaluates to false
[01m[K/home/sputnik/Voloneiz/UartToSbus/ROS_humble/src/chassis_controller/src/chassis_controller.cpp:[m[K In constructor â€˜[01m[KChassisController::ChassisController()[m[Kâ€™:
[01m[K/home/sputnik/Voloneiz/UartToSbus/ROS_humble/src/chassis_controller/src/chassis_controller.cpp:29:106:[m[K [01;31m[Kerror: [m[Kexpected â€˜[01m[K)[m[Kâ€™ before â€˜[01m[K;[m[Kâ€™ token
   29 |                 "motion_commands", 10, std::bind(&ChassisController::chassis_controll_callback, this, _1)[01;31m[K;[m[K)
      |                                                                                                          [01;31m[K^[m[K
[01m[K/home/sputnik/Voloneiz/UartToSbus/ROS_humble/src/chassis_controller/src/chassis_controller.cpp:28:81:[m[K [01;36m[Knote: [m[Kto match this â€˜[01m[K([m[Kâ€™
   28 |             motion_commander_ = this->create_subscription<std_msgs::msg::String>[01;36m[K([m[K
      |                                                                                 [01;36m[K^[m[K
[01m[K/home/sputnik/Voloneiz/UartToSbus/ROS_humble/src/chassis_controller/src/chassis_controller.cpp:29:107:[m[K [01;31m[Kerror: [m[Kexpected primary-expression before â€˜[01m[K)[m[Kâ€™ token
   29 |                 "motion_commands", 10, std::bind(&ChassisController::chassis_controll_callback, this, _1);[01;31m[K)[m[K
      |                                                                                                           [01;31m[K^[m[K
gmake[2]: *** [CMakeFiles/chassis_controll.dir/build.make:76: CMakeFiles/chassis_controll.dir/src/chassis_controller.cpp.o] Error 1
gmake[1]: *** [CMakeFiles/Makefile2:137: CMakeFiles/chassis_controll.dir/all] Error 2
gmake: *** [Makefile:146: all] Error 2
