-- The C compiler identification is GNU 11.4.0
-- The CXX compiler identification is GNU 11.4.0
-- Detecting C compiler ABI info
-- Detecting C compiler ABI info - done
-- Check for working C compiler: /usr/lib/ccache/cc - skipped
-- Detecting C compile features
-- Detecting C compile features - done
-- Detecting CXX compiler ABI info
-- Detecting CXX compiler ABI info - done
-- Check for working CXX compiler: /usr/lib/ccache/c++ - skipped
-- Detecting CXX compile features
-- Detecting CXX compile features - done
-- Configuring done
-- Generating done
-- Build files have been written to: /home/sputnik/Voloneiz/UartToSbus/build/Theseus_Mecanum_Sbus_test
[ 50%] [32mBuilding CXX object CMakeFiles/test.dir/chassis_controller.cpp.o[0m
[ 50%] [32mBuilding CXX object CMakeFiles/test.dir/sbus.cpp.o[0m
[ 75%] [32mBuilding C object CMakeFiles/test.dir/test.c.o[0m
[01m[K/home/sputnik/Voloneiz/UartToSbus/test.c:2:10:[m[K [01;31m[Kfatal error: [m[Kctime: No such file or directory
    2 | #include [01;31m[K<ctime>[m[K
      |          [01;31m[K^~~~~~~[m[K
compilation terminated.
gmake[2]: *** [CMakeFiles/test.dir/build.make:76: CMakeFiles/test.dir/test.c.o] Error 1
gmake[2]: *** Waiting for unfinished jobs....
[01m[K/home/sputnik/Voloneiz/UartToSbus/sbus.cpp:22:10:[m[K [01;31m[Kfatal error: [m[Kserial/serial.h: No such file or directory
   22 | #include [01;31m[K<serial/serial.h>[m[K
      |          [01;31m[K^~~~~~~~~~~~~~~~~[m[K
compilation terminated.
gmake[2]: *** [CMakeFiles/test.dir/build.make:104: CMakeFiles/test.dir/sbus.cpp.o] Error 1
gmake[1]: *** [CMakeFiles/Makefile2:83: CMakeFiles/test.dir/all] Error 2
gmake: *** [Makefile:91: all] Error 2
