[0.007s] Invoking command in '/home/sputnik/Voloneiz/UartToSbus/build/Theseus_Mecanum_Sbus_test': /usr/bin/cmake /home/sputnik/Voloneiz/UartToSbus -DCMAKE_INSTALL_PREFIX=/home/sputnik/Voloneiz/UartToSbus/install/Theseus_Mecanum_Sbus_test
[0.046s] -- The C compiler identification is GNU 11.4.0
[0.087s] -- The CXX compiler identification is GNU 11.4.0
[0.093s] -- Detecting C compiler ABI info
[0.144s] -- Detecting C compiler ABI info - done
[0.149s] -- Check for working C compiler: /usr/lib/ccache/cc - skipped
[0.149s] -- Detecting C compile features
[0.149s] -- Detecting C compile features - done
[0.151s] -- Detecting CXX compiler ABI info
[0.206s] -- Detecting CXX compiler ABI info - done
[0.210s] -- Check for working CXX compiler: /usr/lib/ccache/c++ - skipped
[0.211s] -- Detecting CXX compile features
[0.211s] -- Detecting CXX compile features - done
[0.211s] -- Configuring done
[0.213s] -- Generating done
[0.213s] -- Build files have been written to: /home/sputnik/Voloneiz/UartToSbus/build/Theseus_Mecanum_Sbus_test
[0.217s] Invoked command in '/home/sputnik/Voloneiz/UartToSbus/build/Theseus_Mecanum_Sbus_test' returned '0': /usr/bin/cmake /home/sputnik/Voloneiz/UartToSbus -DCMAKE_INSTALL_PREFIX=/home/sputnik/Voloneiz/UartToSbus/install/Theseus_Mecanum_Sbus_test
[0.217s] Invoking command in '/home/sputnik/Voloneiz/UartToSbus/build/Theseus_Mecanum_Sbus_test': /usr/bin/cmake --build /home/sputnik/Voloneiz/UartToSbus/build/Theseus_Mecanum_Sbus_test -- -j20 -l20
[0.252s] [ 50%] [32mBuilding CXX object CMakeFiles/test.dir/chassis_controller.cpp.o[0m
[0.253s] [ 50%] [32mBuilding CXX object CMakeFiles/test.dir/sbus.cpp.o[0m
[0.253s] [ 75%] [32mBuilding C object CMakeFiles/test.dir/test.c.o[0m
[0.282s] [01m[K/home/sputnik/Voloneiz/UartToSbus/test.c:2:10:[m[K [01;31m[Kfatal error: [m[Kctime: No such file or directory
[0.283s]     2 | #include [01;31m[K<ctime>[m[K
[0.283s]       |          [01;31m[K^~~~~~~[m[K
[0.283s] compilation terminated.
[0.283s] gmake[2]: *** [CMakeFiles/test.dir/build.make:76: CMakeFiles/test.dir/test.c.o] Error 1
[0.283s] gmake[2]: *** Waiting for unfinished jobs....
[0.318s] [01m[K/home/sputnik/Voloneiz/UartToSbus/sbus.cpp:22:10:[m[K [01;31m[Kfatal error: [m[Kserial/serial.h: No such file or directory
[0.318s]    22 | #include [01;31m[K<serial/serial.h>[m[K
[0.318s]       |          [01;31m[K^~~~~~~~~~~~~~~~~[m[K
[0.318s] compilation terminated.
[0.318s] gmake[2]: *** [CMakeFiles/test.dir/build.make:104: CMakeFiles/test.dir/sbus.cpp.o] Error 1
[0.398s] gmake[1]: *** [CMakeFiles/Makefile2:83: CMakeFiles/test.dir/all] Error 2
[0.398s] gmake: *** [Makefile:91: all] Error 2
[0.399s] Invoked command in '/home/sputnik/Voloneiz/UartToSbus/build/Theseus_Mecanum_Sbus_test' returned '2': /usr/bin/cmake --build /home/sputnik/Voloneiz/UartToSbus/build/Theseus_Mecanum_Sbus_test -- -j20 -l20
